2022-07-12 21:27:43 [32mINFO[m i.a.w.t.TemporalAttemptExecution(get):108 - Docker volume job log path: /tmp/workspace/696/0/logs.log
2022-07-12 21:27:43 [32mINFO[m i.a.w.t.TemporalAttemptExecution(get):113 - Executing worker wrapper. Airbyte version: 0.39.35-alpha
2022-07-12 21:27:43 [32mINFO[m i.a.c.f.EnvVariableFeatureFlags(getEnvOrDefault):43 - Using default value for environment variable USE_STREAM_CAPABLE_STATE: 'false'
2022-07-12 21:27:43 [32mINFO[m i.a.c.i.LineGobbler(voidCall):82 - Checking if jitoquinto/source-actblue:0.0.13 exists...
2022-07-12 21:27:43 [32mINFO[m i.a.c.i.LineGobbler(voidCall):82 - jitoquinto/source-actblue:0.0.13 not found locally. Attempting to pull the image...
2022-07-12 21:27:50 [32mINFO[m i.a.c.i.LineGobbler(voidCall):82 - Pulled jitoquinto/source-actblue:0.0.13 from remote.
2022-07-12 21:27:50 [32mINFO[m i.a.w.p.DockerProcessFactory(create):108 - Creating docker job ID: 696
2022-07-12 21:27:50 [32mINFO[m i.a.w.p.DockerProcessFactory(create):163 - Preparing command: docker run --rm --init -i -w /data/696/0 --log-driver none --name source-actblue-check-696-0-xhnvv --network host -v airbyte_workspace:/data -v /tmp/airbyte_local:/local -e DEPLOYMENT_MODE=OSS -e USE_STREAM_CAPABLE_STATE=false -e AIRBYTE_ROLE= -e WORKER_ENVIRONMENT=DOCKER -e WORKER_CONNECTOR_IMAGE=jitoquinto/source-actblue:0.0.13 -e WORKER_JOB_ATTEMPT=0 -e AIRBYTE_VERSION=0.39.35-alpha -e WORKER_JOB_ID=696 jitoquinto/source-actblue:0.0.13 check --config source_config.json
2022-07-12 21:27:55 [32mINFO[m i.a.w.i.DefaultAirbyteStreamFactory(internalLog):97 - Check succeeded
2022-07-12 21:27:56 [32mINFO[m i.a.w.t.TemporalAttemptExecution(get):134 - Stopping cancellation check scheduling...
2022-07-12 21:27:56 [32mINFO[m i.a.w.t.TemporalAttemptExecution(get):108 - Docker volume job log path: /tmp/workspace/696/0/logs.log
2022-07-12 21:27:56 [32mINFO[m i.a.w.t.TemporalAttemptExecution(get):113 - Executing worker wrapper. Airbyte version: 0.39.35-alpha
2022-07-12 21:27:56 [32mINFO[m i.a.c.f.EnvVariableFeatureFlags(getEnvOrDefault):43 - Using default value for environment variable USE_STREAM_CAPABLE_STATE: 'false'
2022-07-12 21:27:56 [32mINFO[m i.a.c.i.LineGobbler(voidCall):82 - Checking if airbyte/destination-bigquery:1.1.11 exists...
2022-07-12 21:27:56 [32mINFO[m i.a.c.i.LineGobbler(voidCall):82 - airbyte/destination-bigquery:1.1.11 was found locally.
2022-07-12 21:27:56 [32mINFO[m i.a.w.p.DockerProcessFactory(create):108 - Creating docker job ID: 696
2022-07-12 21:27:56 [32mINFO[m i.a.w.p.DockerProcessFactory(create):163 - Preparing command: docker run --rm --init -i -w /data/696/0 --log-driver none --name destination-bigquery-check-696-0-ximzj --network host -v airbyte_workspace:/data -v /tmp/airbyte_local:/local -e DEPLOYMENT_MODE=OSS -e USE_STREAM_CAPABLE_STATE=false -e AIRBYTE_ROLE= -e WORKER_ENVIRONMENT=DOCKER -e WORKER_CONNECTOR_IMAGE=airbyte/destination-bigquery:1.1.11 -e WORKER_JOB_ATTEMPT=0 -e AIRBYTE_VERSION=0.39.35-alpha -e WORKER_JOB_ID=696 airbyte/destination-bigquery:1.1.11 check --config source_config.json
2022-07-12 21:27:57 [1;31mERROR[m i.a.c.i.LineGobbler(voidCall):82 - SLF4J: Class path contains multiple SLF4J bindings.
2022-07-12 21:27:57 [1;31mERROR[m i.a.c.i.LineGobbler(voidCall):82 - SLF4J: Found binding in [jar:file:/airbyte/lib/log4j-slf4j-impl-2.17.1.jar!/org/slf4j/impl/StaticLoggerBinder.class]
2022-07-12 21:27:57 [1;31mERROR[m i.a.c.i.LineGobbler(voidCall):82 - SLF4J: Found binding in [jar:file:/airbyte/lib/slf4j-log4j12-1.7.25.jar!/org/slf4j/impl/StaticLoggerBinder.class]
2022-07-12 21:27:57 [1;31mERROR[m i.a.c.i.LineGobbler(voidCall):82 - SLF4J: Found binding in [jar:file:/airbyte/lib/logback-classic-1.2.3.jar!/org/slf4j/impl/StaticLoggerBinder.class]
2022-07-12 21:27:57 [1;31mERROR[m i.a.c.i.LineGobbler(voidCall):82 - SLF4J: See http://www.slf4j.org/codes.html#multiple_bindings for an explanation.
2022-07-12 21:27:57 [1;31mERROR[m i.a.c.i.LineGobbler(voidCall):82 - SLF4J: Actual binding is of type [org.apache.logging.slf4j.Log4jLoggerFactory]
2022-07-12 21:27:58 [32mINFO[m i.a.w.i.DefaultAirbyteStreamFactory(lambda$create$0):61 - 2022-07-12 21:27:58 [32mINFO[m i.a.i.b.IntegrationCliParser(parseOptions):118 - integration args: {check=null, config=source_config.json}
2022-07-12 21:27:58 [32mINFO[m i.a.w.i.DefaultAirbyteStreamFactory(lambda$create$0):61 - 2022-07-12 21:27:58 [32mINFO[m i.a.i.b.IntegrationRunner(runInternal):123 - Running integration: io.airbyte.integrations.destination.bigquery.BigQueryDestination
2022-07-12 21:27:58 [32mINFO[m i.a.w.i.DefaultAirbyteStreamFactory(lambda$create$0):61 - 2022-07-12 21:27:58 [32mINFO[m i.a.i.b.IntegrationRunner(runInternal):124 - Command: CHECK
2022-07-12 21:27:58 [32mINFO[m i.a.w.i.DefaultAirbyteStreamFactory(lambda$create$0):61 - 2022-07-12 21:27:58 [32mINFO[m i.a.i.b.IntegrationRunner(runInternal):125 - Integration config: IntegrationConfig{command=CHECK, configPath='source_config.json', catalogPath='null', statePath='null'}
2022-07-12 21:27:58 [32mINFO[m i.a.w.i.DefaultAirbyteStreamFactory(lambda$create$0):61 - 2022-07-12 21:27:58 [33mWARN[m c.n.s.JsonMetaSchema(newValidator):338 - Unknown keyword order - you should define your own Meta Schema. If the keyword is irrelevant for validation, just use a NonValidationKeyword
2022-07-12 21:27:58 [32mINFO[m i.a.w.i.DefaultAirbyteStreamFactory(lambda$create$0):61 - 2022-07-12 21:27:58 [33mWARN[m c.n.s.JsonMetaSchema(newValidator):338 - Unknown keyword airbyte_secret - you should define your own Meta Schema. If the keyword is irrelevant for validation, just use a NonValidationKeyword
2022-07-12 21:27:58 [32mINFO[m i.a.w.i.DefaultAirbyteStreamFactory(lambda$create$0):61 - 2022-07-12 21:27:58 [33mWARN[m c.n.s.JsonMetaSchema(newValidator):338 - Unknown keyword examples - you should define your own Meta Schema. If the keyword is irrelevant for validation, just use a NonValidationKeyword
2022-07-12 21:27:58 [32mINFO[m i.a.w.i.DefaultAirbyteStreamFactory(lambda$create$0):61 - 2022-07-12 21:27:58 [32mINFO[m i.a.i.d.b.BigQueryDestination(getServiceAccountCredentials):177 - No service account key json is provided. It is required if you are using Airbyte cloud.
2022-07-12 21:27:58 [32mINFO[m i.a.w.i.DefaultAirbyteStreamFactory(lambda$create$0):61 - 2022-07-12 21:27:58 [32mINFO[m i.a.i.d.b.BigQueryDestination(getServiceAccountCredentials):178 - Using the default service account credential from environment.
2022-07-12 21:27:58 [32mINFO[m i.a.w.i.DefaultAirbyteStreamFactory(lambda$create$0):61 - 2022-07-12 21:27:58 [32mINFO[m i.a.i.d.b.BigQueryUtils(getLoadingMethod):304 - Selected loading method is set to: STANDARD
2022-07-12 21:28:00 [32mINFO[m i.a.w.t.TemporalAttemptExecution(get):134 - Stopping cancellation check scheduling...
2022-07-12 21:28:00 [32mINFO[m i.a.w.t.TemporalAttemptExecution(get):108 - Docker volume job log path: /tmp/workspace/696/0/logs.log
2022-07-12 21:28:00 [32mINFO[m i.a.w.t.TemporalAttemptExecution(get):113 - Executing worker wrapper. Airbyte version: 0.39.35-alpha
2022-07-12 21:28:00 [32mINFO[m i.a.c.f.EnvVariableFeatureFlags(getEnvOrDefault):43 - Using default value for environment variable USE_STREAM_CAPABLE_STATE: 'false'
2022-07-12 21:28:00 [32mINFO[m i.a.w.g.DefaultReplicationWorker(run):115 - start sync worker. job id: 696 attempt id: 0
2022-07-12 21:28:00 [32mINFO[m i.a.w.g.DefaultReplicationWorker(run):127 - configured sync modes: {null.managed_form_contributions_stream=full_refresh - overwrite, null.paid_contributions_stream=full_refresh - overwrite, null.refunded_contributions_stream=full_refresh - overwrite}
2022-07-12 21:28:00 [32mINFO[m i.a.w.i.DefaultAirbyteDestination(start):69 - Running destination...
2022-07-12 21:28:00 [32mINFO[m i.a.c.f.EnvVariableFeatureFlags(getEnvOrDefault):43 - Using default value for environment variable USE_STREAM_CAPABLE_STATE: 'false'
2022-07-12 21:28:00 [32mINFO[m i.a.c.i.LineGobbler(voidCall):82 - Checking if airbyte/destination-bigquery:1.1.11 exists...
2022-07-12 21:28:00 [32mINFO[m i.a.c.i.LineGobbler(voidCall):82 - airbyte/destination-bigquery:1.1.11 was found locally.
2022-07-12 21:28:00 [32mINFO[m i.a.w.p.DockerProcessFactory(create):108 - Creating docker job ID: 696
2022-07-12 21:28:00 [32mINFO[m i.a.w.p.DockerProcessFactory(create):163 - Preparing command: docker run --rm --init -i -w /data/696/0 --log-driver none --name destination-bigquery-write-696-0-apgzk --network host -v airbyte_workspace:/data -v /tmp/airbyte_local:/local -e DEPLOYMENT_MODE=OSS -e USE_STREAM_CAPABLE_STATE=false -e AIRBYTE_ROLE= -e WORKER_ENVIRONMENT=DOCKER -e WORKER_CONNECTOR_IMAGE=airbyte/destination-bigquery:1.1.11 -e WORKER_JOB_ATTEMPT=0 -e AIRBYTE_VERSION=0.39.35-alpha -e WORKER_JOB_ID=696 airbyte/destination-bigquery:1.1.11 write --config destination_config.json --catalog destination_catalog.json
2022-07-12 21:28:00 [32mINFO[m i.a.c.f.EnvVariableFeatureFlags(getEnvOrDefault):43 - Using default value for environment variable USE_STREAM_CAPABLE_STATE: 'false'
2022-07-12 21:28:00 [32mINFO[m i.a.c.i.LineGobbler(voidCall):82 - Checking if jitoquinto/source-actblue:0.0.13 exists...
2022-07-12 21:28:00 [32mINFO[m i.a.c.i.LineGobbler(voidCall):82 - jitoquinto/source-actblue:0.0.13 was found locally.
2022-07-12 21:28:00 [32mINFO[m i.a.w.p.DockerProcessFactory(create):108 - Creating docker job ID: 696
2022-07-12 21:28:00 [32mINFO[m i.a.w.p.DockerProcessFactory(create):163 - Preparing command: docker run --rm --init -i -w /data/696/0 --log-driver none --name source-actblue-read-696-0-oksjd --network host -v airbyte_workspace:/data -v /tmp/airbyte_local:/local -e DEPLOYMENT_MODE=OSS -e USE_STREAM_CAPABLE_STATE=false -e AIRBYTE_ROLE= -e WORKER_ENVIRONMENT=DOCKER -e WORKER_CONNECTOR_IMAGE=jitoquinto/source-actblue:0.0.13 -e WORKER_JOB_ATTEMPT=0 -e AIRBYTE_VERSION=0.39.35-alpha -e WORKER_JOB_ID=696 jitoquinto/source-actblue:0.0.13 read --config source_config.json --catalog source_catalog.json
2022-07-12 21:28:00 [32mINFO[m i.a.w.g.DefaultReplicationWorker(lambda$getDestinationOutputRunnable$7):405 - Destination output thread started.
2022-07-12 21:28:00 [32mINFO[m i.a.w.g.DefaultReplicationWorker(run):169 - Waiting for source and destination threads to complete.
2022-07-12 21:28:00 [32mINFO[m i.a.w.g.DefaultReplicationWorker(lambda$getReplicationRunnable$6):298 - Replication thread started.
2022-07-12 21:28:01 [43mdestination[0m > SLF4J: Class path contains multiple SLF4J bindings.
2022-07-12 21:28:01 [43mdestination[0m > SLF4J: Found binding in [jar:file:/airbyte/lib/log4j-slf4j-impl-2.17.1.jar!/org/slf4j/impl/StaticLoggerBinder.class]
2022-07-12 21:28:01 [43mdestination[0m > SLF4J: Found binding in [jar:file:/airbyte/lib/slf4j-log4j12-1.7.25.jar!/org/slf4j/impl/StaticLoggerBinder.class]
2022-07-12 21:28:01 [43mdestination[0m > SLF4J: Found binding in [jar:file:/airbyte/lib/logback-classic-1.2.3.jar!/org/slf4j/impl/StaticLoggerBinder.class]
2022-07-12 21:28:01 [43mdestination[0m > SLF4J: See http://www.slf4j.org/codes.html#multiple_bindings for an explanation.
2022-07-12 21:28:01 [43mdestination[0m > SLF4J: Actual binding is of type [org.apache.logging.slf4j.Log4jLoggerFactory]
2022-07-12 21:28:03 [43mdestination[0m > 2022-07-12 21:28:03 [32mINFO[m i.a.i.b.IntegrationCliParser(parseOptions):118 - integration args: {catalog=destination_catalog.json, write=null, config=destination_config.json}
2022-07-12 21:28:03 [43mdestination[0m > 2022-07-12 21:28:03 [32mINFO[m i.a.i.b.IntegrationRunner(runInternal):123 - Running integration: io.airbyte.integrations.destination.bigquery.BigQueryDestination
2022-07-12 21:28:03 [43mdestination[0m > 2022-07-12 21:28:03 [32mINFO[m i.a.i.b.IntegrationRunner(runInternal):124 - Command: WRITE
2022-07-12 21:28:03 [43mdestination[0m > 2022-07-12 21:28:03 [32mINFO[m i.a.i.b.IntegrationRunner(runInternal):125 - Integration config: IntegrationConfig{command=WRITE, configPath='destination_config.json', catalogPath='destination_catalog.json', statePath='null'}
2022-07-12 21:28:03 [43mdestination[0m > 2022-07-12 21:28:03 [33mWARN[m c.n.s.JsonMetaSchema(newValidator):338 - Unknown keyword order - you should define your own Meta Schema. If the keyword is irrelevant for validation, just use a NonValidationKeyword
2022-07-12 21:28:03 [43mdestination[0m > 2022-07-12 21:28:03 [33mWARN[m c.n.s.JsonMetaSchema(newValidator):338 - Unknown keyword airbyte_secret - you should define your own Meta Schema. If the keyword is irrelevant for validation, just use a NonValidationKeyword
2022-07-12 21:28:03 [43mdestination[0m > 2022-07-12 21:28:03 [33mWARN[m c.n.s.JsonMetaSchema(newValidator):338 - Unknown keyword examples - you should define your own Meta Schema. If the keyword is irrelevant for validation, just use a NonValidationKeyword
2022-07-12 21:28:03 [43mdestination[0m > 2022-07-12 21:28:03 [32mINFO[m i.a.i.d.b.BigQueryUtils(getLoadingMethod):304 - Selected loading method is set to: STANDARD
2022-07-12 21:28:03 [43mdestination[0m > 2022-07-12 21:28:03 [33mWARN[m i.a.i.d.b.BigQueryDestination(getConsumer):197 - The "standard" upload mode is not performant, and is not recommended for production. Please use the GCS upload mode if you are syncing a large amount of data.
2022-07-12 21:28:03 [43mdestination[0m > 2022-07-12 21:28:03 [32mINFO[m i.a.i.d.b.BigQueryDestination(getServiceAccountCredentials):177 - No service account key json is provided. It is required if you are using Airbyte cloud.
2022-07-12 21:28:03 [43mdestination[0m > 2022-07-12 21:28:03 [32mINFO[m i.a.i.d.b.BigQueryDestination(getServiceAccountCredentials):178 - Using the default service account credential from environment.
2022-07-12 21:28:03 [43mdestination[0m > 2022-07-12 21:28:03 [32mINFO[m i.a.i.d.b.BigQueryUtils(getLoadingMethod):304 - Selected loading method is set to: STANDARD
2022-07-12 21:28:03 [44msource[0m > Starting syncing SourceActblueCsvApi
2022-07-12 21:28:03 [44msource[0m > Syncing stream: managed_form_contributions_stream 
2022-07-12 21:28:05 [43mdestination[0m > 2022-07-12 21:28:05 [32mINFO[m i.a.i.d.b.BigQueryUtils(createPartitionedTable):131 - Partitioned table created successfully: GenericData{classInfo=[datasetId, projectId, tableId], {datasetId=actblue_test, tableId=_airbyte_tmp_pjj_managed_form_contributions_stream}}
2022-07-12 21:28:05 [43mdestination[0m > 2022-07-12 21:28:05 [32mINFO[m i.a.i.d.b.BigQueryUtils(getLoadingMethod):304 - Selected loading method is set to: STANDARD
2022-07-12 21:28:05 [43mdestination[0m > 2022-07-12 21:28:05 [32mINFO[m i.a.i.d.b.BigQueryUtils(createPartitionedTable):131 - Partitioned table created successfully: GenericData{classInfo=[datasetId, projectId, tableId], {datasetId=actblue_test, tableId=_airbyte_tmp_njn_paid_contributions_stream}}
2022-07-12 21:28:05 [43mdestination[0m > 2022-07-12 21:28:05 [32mINFO[m i.a.i.d.b.BigQueryUtils(getLoadingMethod):304 - Selected loading method is set to: STANDARD
2022-07-12 21:28:06 [43mdestination[0m > 2022-07-12 21:28:06 [32mINFO[m i.a.i.d.b.BigQueryUtils(createPartitionedTable):131 - Partitioned table created successfully: GenericData{classInfo=[datasetId, projectId, tableId], {datasetId=actblue_test, tableId=_airbyte_tmp_ihc_refunded_contributions_stream}}
2022-07-12 21:28:36 [44msource[0m > Polling https://secure.actblue.com/api/v1/csvs/c160f390-c725-4d2d-847f-1b339af8a517... sleeping for 1 seconds
2022-07-12 21:28:36 [44msource[0m > Polling https://secure.actblue.com/api/v1/csvs/c160f390-c725-4d2d-847f-1b339af8a517... sleeping for 2 seconds
2022-07-12 21:28:36 [44msource[0m > Polling https://secure.actblue.com/api/v1/csvs/c160f390-c725-4d2d-847f-1b339af8a517... sleeping for 4 seconds
2022-07-12 21:28:36 [44msource[0m > Polling https://secure.actblue.com/api/v1/csvs/c160f390-c725-4d2d-847f-1b339af8a517... sleeping for 8 seconds
2022-07-12 21:28:36 [44msource[0m > Polling https://secure.actblue.com/api/v1/csvs/c160f390-c725-4d2d-847f-1b339af8a517... sleeping for 16 seconds
2022-07-12 21:28:39 [32mINFO[m i.a.w.g.DefaultReplicationWorker(lambda$getReplicationRunnable$6):324 - Records read: 1000 (2 MB)
2022-07-12 21:28:40 [32mINFO[m i.a.w.g.DefaultReplicationWorker(lambda$getReplicationRunnable$6):324 - Records read: 2000 (4 MB)
2022-07-12 21:28:41 [32mINFO[m i.a.w.g.DefaultReplicationWorker(lambda$getReplicationRunnable$6):324 - Records read: 3000 (6 MB)
2022-07-12 21:28:43 [32mINFO[m i.a.w.g.DefaultReplicationWorker(lambda$getReplicationRunnable$6):324 - Records read: 4000 (8 MB)
2022-07-12 21:29:48 [44msource[0m > Polling https://secure.actblue.com/api/v1/csvs/634569c1-dedb-4c10-84b7-abf96179ea6d... sleeping for 1 seconds
2022-07-12 21:29:48 [44msource[0m > Polling https://secure.actblue.com/api/v1/csvs/634569c1-dedb-4c10-84b7-abf96179ea6d... sleeping for 2 seconds
2022-07-12 21:29:48 [44msource[0m > Polling https://secure.actblue.com/api/v1/csvs/634569c1-dedb-4c10-84b7-abf96179ea6d... sleeping for 4 seconds
2022-07-12 21:29:48 [44msource[0m > Polling https://secure.actblue.com/api/v1/csvs/634569c1-dedb-4c10-84b7-abf96179ea6d... sleeping for 8 seconds
2022-07-12 21:29:48 [44msource[0m > Polling https://secure.actblue.com/api/v1/csvs/634569c1-dedb-4c10-84b7-abf96179ea6d... sleeping for 16 seconds
2022-07-12 21:29:48 [44msource[0m > Polling https://secure.actblue.com/api/v1/csvs/634569c1-dedb-4c10-84b7-abf96179ea6d... sleeping for 32 seconds
2022-07-12 21:29:49 [32mINFO[m i.a.w.g.DefaultReplicationWorker(lambda$getReplicationRunnable$6):324 - Records read: 5000 (11 MB)
2022-07-12 21:29:49 [44msource[0m > Read 5442 records from managed_form_contributions_stream stream
2022-07-12 21:29:49 [44msource[0m > Finished syncing managed_form_contributions_stream
2022-07-12 21:29:49 [44msource[0m > SourceActblueCsvApi runtimes:
Syncing stream managed_form_contributions_stream 0:01:45.823026
2022-07-12 21:29:49 [44msource[0m > Syncing stream: paid_contributions_stream 
2022-07-12 21:29:58 [44msource[0m > Polling https://secure.actblue.com/api/v1/csvs/7b065485-3876-42f7-9c02-3ebe9fb8f994... sleeping for 1 seconds
2022-07-12 21:29:58 [44msource[0m > Polling https://secure.actblue.com/api/v1/csvs/7b065485-3876-42f7-9c02-3ebe9fb8f994... sleeping for 2 seconds
2022-07-12 21:29:58 [44msource[0m > Polling https://secure.actblue.com/api/v1/csvs/7b065485-3876-42f7-9c02-3ebe9fb8f994... sleeping for 4 seconds
2022-07-12 21:29:59 [32mINFO[m i.a.w.g.DefaultReplicationWorker(lambda$getReplicationRunnable$6):324 - Records read: 6000 (13 MB)
2022-07-12 21:30:00 [32mINFO[m i.a.w.g.DefaultReplicationWorker(lambda$getReplicationRunnable$6):324 - Records read: 7000 (15 MB)
2022-07-12 21:30:01 [32mINFO[m i.a.w.g.DefaultReplicationWorker(lambda$getReplicationRunnable$6):324 - Records read: 8000 (17 MB)
2022-07-12 21:30:02 [32mINFO[m i.a.w.g.DefaultReplicationWorker(lambda$getReplicationRunnable$6):324 - Records read: 9000 (19 MB)
2022-07-12 21:30:07 [44msource[0m > Polling https://secure.actblue.com/api/v1/csvs/c8950ab9-aa14-43b0-ae2e-8211694a1a7d... sleeping for 1 seconds
2022-07-12 21:30:07 [44msource[0m > Polling https://secure.actblue.com/api/v1/csvs/c8950ab9-aa14-43b0-ae2e-8211694a1a7d... sleeping for 2 seconds
2022-07-12 21:30:07 [32mINFO[m i.a.w.g.DefaultReplicationWorker(lambda$getReplicationRunnable$6):324 - Records read: 10000 (22 MB)
2022-07-12 21:30:08 [44msource[0m > Read 5063 records from paid_contributions_stream stream
2022-07-12 21:30:08 [44msource[0m > Finished syncing paid_contributions_stream
2022-07-12 21:30:08 [44msource[0m > SourceActblueCsvApi runtimes:
Syncing stream managed_form_contributions_stream 0:01:45.823026
Syncing stream paid_contributions_stream 0:00:18.916417
2022-07-12 21:30:08 [44msource[0m > Syncing stream: refunded_contributions_stream 
2022-07-12 21:30:12 [44msource[0m > Polling https://secure.actblue.com/api/v1/csvs/d46b67b3-d401-4023-b459-1140e9ffbd5e... sleeping for 1 seconds
2022-07-12 21:30:12 [44msource[0m > Polling https://secure.actblue.com/api/v1/csvs/d46b67b3-d401-4023-b459-1140e9ffbd5e... sleeping for 2 seconds
2022-07-12 21:30:13 [44msource[0m > Polling https://secure.actblue.com/api/v1/csvs/3aa09286-759b-4ec9-9f59-2ee1b978f123... sleeping for 1 seconds
2022-07-12 21:30:13 [44msource[0m > Read 5 records from refunded_contributions_stream stream
2022-07-12 21:30:13 [44msource[0m > Finished syncing refunded_contributions_stream
2022-07-12 21:30:13 [44msource[0m > SourceActblueCsvApi runtimes:
Syncing stream managed_form_contributions_stream 0:01:45.823026
Syncing stream paid_contributions_stream 0:00:18.916417
Syncing stream refunded_contributions_stream 0:00:05.279141
2022-07-12 21:30:13 [44msource[0m > Finished syncing SourceActblueCsvApi
2022-07-12 21:30:14 [32mINFO[m i.a.w.g.DefaultReplicationWorker(lambda$getReplicationRunnable$6):327 - Source has no more messages, closing connection.
2022-07-12 21:30:14 [32mINFO[m i.a.w.g.DefaultReplicationWorker(lambda$getReplicationRunnable$6):335 - Total records read: 10510 (23 MB)
2022-07-12 21:30:14 [32mINFO[m i.a.w.g.DefaultReplicationWorker(run):174 - One of source or destination thread complete. Waiting on the other.
2022-07-12 21:30:14 [43mdestination[0m > 2022-07-12 21:30:14 [32mINFO[m i.a.i.b.FailureTrackingAirbyteMessageConsumer(close):65 - Airbyte message consumer: succeeded.
2022-07-12 21:30:14 [43mdestination[0m > 2022-07-12 21:30:14 [32mINFO[m i.a.i.d.b.BigQueryRecordConsumer(close):58 - Started closing all connections
2022-07-12 21:30:14 [43mdestination[0m > 2022-07-12 21:30:14 [32mINFO[m i.a.i.d.b.u.AbstractBigQueryUploader(close):78 - Closing connector: AbstractBigQueryUploader{table=_airbyte_raw_paid_contributions_stream, tmpTable=_airbyte_tmp_njn_paid_contributions_stream, syncMode=WRITE_TRUNCATE, writer=class io.airbyte.integrations.destination.bigquery.writer.BigQueryTableWriter, recordFormatter=class io.airbyte.integrations.destination.bigquery.formatter.DefaultBigQueryRecordFormatter}
2022-07-12 21:30:15 [43mdestination[0m > 2022-07-12 21:30:15 [32mINFO[m i.a.i.d.b.BigQueryUtils(waitForJobFinish):325 - Waiting for job finish Job{job=JobId{project=dev3869c056, job=29adde0b-5686-4762-b4e4-e6a42c8cba4f, location=US}, status=JobStatus{state=RUNNING, error=null, executionErrors=null}, statistics=LoadStatistics{creationTime=1657661414807, endTime=null, startTime=1657661415075, numChildJobs=null, parentJobId=null, scriptStatistics=null, reservationUsage=null, inputBytes=null, inputFiles=null, outputBytes=null, outputRows=null, badRecords=null}, userEmail=airbyte@dev3869c056.iam.gserviceaccount.com, etag=bfMGNHnyHfrJwW4aM7vr7A==, generatedId=dev3869c056:US.29adde0b-5686-4762-b4e4-e6a42c8cba4f, selfLink=https://www.googleapis.com/bigquery/v2/projects/dev3869c056/jobs/29adde0b-5686-4762-b4e4-e6a42c8cba4f?location=US, configuration=LoadJobConfiguration{type=LOAD, destinationTable=GenericData{classInfo=[datasetId, projectId, tableId], {datasetId=actblue_test, projectId=dev3869c056, tableId=_airbyte_tmp_njn_paid_contributions_stream}}, decimalTargetTypes=null, destinationEncryptionConfiguration=null, createDisposition=CREATE_IF_NEEDED, writeDisposition=null, formatOptions=FormatOptions{format=NEWLINE_DELIMITED_JSON}, nullMarker=null, maxBadRecords=null, schema=Schema{fields=[Field{name=_airbyte_ab_id, type=STRING, mode=null, description=null, policyTags=null}, Field{name=_airbyte_emitted_at, type=TIMESTAMP, mode=null, description=null, policyTags=null}, Field{name=_airbyte_data, type=STRING, mode=null, description=null, policyTags=null}]}, ignoreUnknownValue=null, sourceUris=null, schemaUpdateOptions=null, autodetect=null, timePartitioning=null, clustering=null, useAvroLogicalTypes=null, labels=null, jobTimeoutMs=null, rangePartitioning=null, hivePartitioningOptions=null}}. Status: JobStatus{state=RUNNING, error=null, executionErrors=null}
2022-07-12 21:30:18 [43mdestination[0m > 2022-07-12 21:30:18 [32mINFO[m i.a.i.d.b.BigQueryUtils(waitForJobFinish):327 - Job finish Job{job=JobId{project=dev3869c056, job=29adde0b-5686-4762-b4e4-e6a42c8cba4f, location=US}, status=JobStatus{state=RUNNING, error=null, executionErrors=null}, statistics=LoadStatistics{creationTime=1657661414807, endTime=null, startTime=1657661415075, numChildJobs=null, parentJobId=null, scriptStatistics=null, reservationUsage=null, inputBytes=null, inputFiles=null, outputBytes=null, outputRows=null, badRecords=null}, userEmail=airbyte@dev3869c056.iam.gserviceaccount.com, etag=bfMGNHnyHfrJwW4aM7vr7A==, generatedId=dev3869c056:US.29adde0b-5686-4762-b4e4-e6a42c8cba4f, selfLink=https://www.googleapis.com/bigquery/v2/projects/dev3869c056/jobs/29adde0b-5686-4762-b4e4-e6a42c8cba4f?location=US, configuration=LoadJobConfiguration{type=LOAD, destinationTable=GenericData{classInfo=[datasetId, projectId, tableId], {datasetId=actblue_test, projectId=dev3869c056, tableId=_airbyte_tmp_njn_paid_contributions_stream}}, decimalTargetTypes=null, destinationEncryptionConfiguration=null, createDisposition=CREATE_IF_NEEDED, writeDisposition=null, formatOptions=FormatOptions{format=NEWLINE_DELIMITED_JSON}, nullMarker=null, maxBadRecords=null, schema=Schema{fields=[Field{name=_airbyte_ab_id, type=STRING, mode=null, description=null, policyTags=null}, Field{name=_airbyte_emitted_at, type=TIMESTAMP, mode=null, description=null, policyTags=null}, Field{name=_airbyte_data, type=STRING, mode=null, description=null, policyTags=null}]}, ignoreUnknownValue=null, sourceUris=null, schemaUpdateOptions=null, autodetect=null, timePartitioning=null, clustering=null, useAvroLogicalTypes=null, labels=null, jobTimeoutMs=null, rangePartitioning=null, hivePartitioningOptions=null}} with status JobStatus{state=RUNNING, error=null, executionErrors=null}
2022-07-12 21:30:18 [43mdestination[0m > 2022-07-12 21:30:18 [32mINFO[m i.a.i.d.b.u.AbstractBigQueryUploader(uploadData):95 - Uploading data from the tmp table _airbyte_tmp_njn_paid_contributions_stream to the source table _airbyte_raw_paid_contributions_stream.
2022-07-12 21:30:18 [43mdestination[0m > 2022-07-12 21:30:18 [32mINFO[m i.a.i.d.b.u.AbstractBigQueryUploader(uploadDataToTableFromTmpTable):120 - Replication finished with no explicit errors. Copying data from tmp tables to permanent
2022-07-12 21:30:20 [43mdestination[0m > 2022-07-12 21:30:20 [32mINFO[m i.a.i.d.b.u.AbstractBigQueryUploader(copyTable):185 - successfully copied table: GenericData{classInfo=[datasetId, projectId, tableId], {datasetId=actblue_test, tableId=_airbyte_tmp_njn_paid_contributions_stream}} to table: GenericData{classInfo=[datasetId, projectId, tableId], {datasetId=actblue_test, tableId=_airbyte_raw_paid_contributions_stream}}
2022-07-12 21:30:20 [43mdestination[0m > 2022-07-12 21:30:20 [32mINFO[m i.a.i.d.b.u.AbstractBigQueryUploader(uploadData):97 - Data is successfully loaded to the source table _airbyte_raw_paid_contributions_stream!
2022-07-12 21:30:20 [32mINFO[m i.a.v.j.JsonSchemaValidator(test):71 - JSON schema validation failed. 
errors: $: null found, object expected
2022-07-12 21:30:20 [1;31mERROR[m i.a.w.i.DefaultAirbyteStreamFactory(lambda$create$1):70 - Validation failed: null
2022-07-12 21:30:20 [43mdestination[0m > 2022-07-12 21:30:20 [32mINFO[m i.a.i.d.b.u.AbstractBigQueryUploader(uploadData):99 - Final state message is accepted.
2022-07-12 21:30:20 [43mdestination[0m > 2022-07-12 21:30:20 [32mINFO[m i.a.i.d.b.u.AbstractBigQueryUploader(dropTmpTable):111 - Removing tmp tables...
2022-07-12 21:30:21 [43mdestination[0m > 2022-07-12 21:30:21 [32mINFO[m i.a.i.d.b.u.AbstractBigQueryUploader(dropTmpTable):113 - Finishing destination process...completed
2022-07-12 21:30:21 [43mdestination[0m > 2022-07-12 21:30:21 [32mINFO[m i.a.i.d.b.u.AbstractBigQueryUploader(close):85 - Closed connector: AbstractBigQueryUploader{table=_airbyte_raw_paid_contributions_stream, tmpTable=_airbyte_tmp_njn_paid_contributions_stream, syncMode=WRITE_TRUNCATE, writer=class io.airbyte.integrations.destination.bigquery.writer.BigQueryTableWriter, recordFormatter=class io.airbyte.integrations.destination.bigquery.formatter.DefaultBigQueryRecordFormatter}
2022-07-12 21:30:21 [43mdestination[0m > 2022-07-12 21:30:21 [32mINFO[m i.a.i.d.b.u.AbstractBigQueryUploader(close):78 - Closing connector: AbstractBigQueryUploader{table=_airbyte_raw_refunded_contributions_stream, tmpTable=_airbyte_tmp_ihc_refunded_contributions_stream, syncMode=WRITE_TRUNCATE, writer=class io.airbyte.integrations.destination.bigquery.writer.BigQueryTableWriter, recordFormatter=class io.airbyte.integrations.destination.bigquery.formatter.DefaultBigQueryRecordFormatter}
2022-07-12 21:30:21 [43mdestination[0m > 2022-07-12 21:30:21 [32mINFO[m i.a.i.d.b.BigQueryUtils(waitForJobFinish):325 - Waiting for job finish Job{job=JobId{project=dev3869c056, job=c3e51a80-6973-4b8b-9b20-47a12eece42d, location=US}, status=JobStatus{state=RUNNING, error=null, executionErrors=null}, statistics=LoadStatistics{creationTime=1657661421440, endTime=null, startTime=1657661421837, numChildJobs=null, parentJobId=null, scriptStatistics=null, reservationUsage=null, inputBytes=null, inputFiles=null, outputBytes=null, outputRows=null, badRecords=null}, userEmail=airbyte@dev3869c056.iam.gserviceaccount.com, etag=4YVGzVbNXhzOx/QTAACq+w==, generatedId=dev3869c056:US.c3e51a80-6973-4b8b-9b20-47a12eece42d, selfLink=https://www.googleapis.com/bigquery/v2/projects/dev3869c056/jobs/c3e51a80-6973-4b8b-9b20-47a12eece42d?location=US, configuration=LoadJobConfiguration{type=LOAD, destinationTable=GenericData{classInfo=[datasetId, projectId, tableId], {datasetId=actblue_test, projectId=dev3869c056, tableId=_airbyte_tmp_ihc_refunded_contributions_stream}}, decimalTargetTypes=null, destinationEncryptionConfiguration=null, createDisposition=CREATE_IF_NEEDED, writeDisposition=null, formatOptions=FormatOptions{format=NEWLINE_DELIMITED_JSON}, nullMarker=null, maxBadRecords=null, schema=Schema{fields=[Field{name=_airbyte_ab_id, type=STRING, mode=null, description=null, policyTags=null}, Field{name=_airbyte_emitted_at, type=TIMESTAMP, mode=null, description=null, policyTags=null}, Field{name=_airbyte_data, type=STRING, mode=null, description=null, policyTags=null}]}, ignoreUnknownValue=null, sourceUris=null, schemaUpdateOptions=null, autodetect=null, timePartitioning=null, clustering=null, useAvroLogicalTypes=null, labels=null, jobTimeoutMs=null, rangePartitioning=null, hivePartitioningOptions=null}}. Status: JobStatus{state=RUNNING, error=null, executionErrors=null}
2022-07-12 21:30:24 [43mdestination[0m > 2022-07-12 21:30:24 [32mINFO[m i.a.i.d.b.BigQueryUtils(waitForJobFinish):327 - Job finish Job{job=JobId{project=dev3869c056, job=c3e51a80-6973-4b8b-9b20-47a12eece42d, location=US}, status=JobStatus{state=RUNNING, error=null, executionErrors=null}, statistics=LoadStatistics{creationTime=1657661421440, endTime=null, startTime=1657661421837, numChildJobs=null, parentJobId=null, scriptStatistics=null, reservationUsage=null, inputBytes=null, inputFiles=null, outputBytes=null, outputRows=null, badRecords=null}, userEmail=airbyte@dev3869c056.iam.gserviceaccount.com, etag=4YVGzVbNXhzOx/QTAACq+w==, generatedId=dev3869c056:US.c3e51a80-6973-4b8b-9b20-47a12eece42d, selfLink=https://www.googleapis.com/bigquery/v2/projects/dev3869c056/jobs/c3e51a80-6973-4b8b-9b20-47a12eece42d?location=US, configuration=LoadJobConfiguration{type=LOAD, destinationTable=GenericData{classInfo=[datasetId, projectId, tableId], {datasetId=actblue_test, projectId=dev3869c056, tableId=_airbyte_tmp_ihc_refunded_contributions_stream}}, decimalTargetTypes=null, destinationEncryptionConfiguration=null, createDisposition=CREATE_IF_NEEDED, writeDisposition=null, formatOptions=FormatOptions{format=NEWLINE_DELIMITED_JSON}, nullMarker=null, maxBadRecords=null, schema=Schema{fields=[Field{name=_airbyte_ab_id, type=STRING, mode=null, description=null, policyTags=null}, Field{name=_airbyte_emitted_at, type=TIMESTAMP, mode=null, description=null, policyTags=null}, Field{name=_airbyte_data, type=STRING, mode=null, description=null, policyTags=null}]}, ignoreUnknownValue=null, sourceUris=null, schemaUpdateOptions=null, autodetect=null, timePartitioning=null, clustering=null, useAvroLogicalTypes=null, labels=null, jobTimeoutMs=null, rangePartitioning=null, hivePartitioningOptions=null}} with status JobStatus{state=RUNNING, error=null, executionErrors=null}
2022-07-12 21:30:24 [43mdestination[0m > 2022-07-12 21:30:24 [32mINFO[m i.a.i.d.b.u.AbstractBigQueryUploader(uploadData):95 - Uploading data from the tmp table _airbyte_tmp_ihc_refunded_contributions_stream to the source table _airbyte_raw_refunded_contributions_stream.
2022-07-12 21:30:24 [43mdestination[0m > 2022-07-12 21:30:24 [32mINFO[m i.a.i.d.b.u.AbstractBigQueryUploader(uploadDataToTableFromTmpTable):120 - Replication finished with no explicit errors. Copying data from tmp tables to permanent
2022-07-12 21:30:26 [43mdestination[0m > 2022-07-12 21:30:26 [32mINFO[m i.a.i.d.b.u.AbstractBigQueryUploader(copyTable):185 - successfully copied table: GenericData{classInfo=[datasetId, projectId, tableId], {datasetId=actblue_test, tableId=_airbyte_tmp_ihc_refunded_contributions_stream}} to table: GenericData{classInfo=[datasetId, projectId, tableId], {datasetId=actblue_test, tableId=_airbyte_raw_refunded_contributions_stream}}
2022-07-12 21:30:26 [43mdestination[0m > 2022-07-12 21:30:26 [32mINFO[m i.a.i.d.b.u.AbstractBigQueryUploader(uploadData):97 - Data is successfully loaded to the source table _airbyte_raw_refunded_contributions_stream!
2022-07-12 21:30:26 [32mINFO[m i.a.v.j.JsonSchemaValidator(test):71 - JSON schema validation failed. 
errors: $: null found, object expected
2022-07-12 21:30:26 [1;31mERROR[m i.a.w.i.DefaultAirbyteStreamFactory(lambda$create$1):70 - Validation failed: null
2022-07-12 21:30:26 [43mdestination[0m > 2022-07-12 21:30:26 [32mINFO[m i.a.i.d.b.u.AbstractBigQueryUploader(uploadData):99 - Final state message is accepted.
2022-07-12 21:30:26 [43mdestination[0m > 2022-07-12 21:30:26 [32mINFO[m i.a.i.d.b.u.AbstractBigQueryUploader(dropTmpTable):111 - Removing tmp tables...
2022-07-12 21:30:27 [43mdestination[0m > 2022-07-12 21:30:27 [32mINFO[m i.a.i.d.b.u.AbstractBigQueryUploader(dropTmpTable):113 - Finishing destination process...completed
2022-07-12 21:30:27 [43mdestination[0m > 2022-07-12 21:30:27 [32mINFO[m i.a.i.d.b.u.AbstractBigQueryUploader(close):85 - Closed connector: AbstractBigQueryUploader{table=_airbyte_raw_refunded_contributions_stream, tmpTable=_airbyte_tmp_ihc_refunded_contributions_stream, syncMode=WRITE_TRUNCATE, writer=class io.airbyte.integrations.destination.bigquery.writer.BigQueryTableWriter, recordFormatter=class io.airbyte.integrations.destination.bigquery.formatter.DefaultBigQueryRecordFormatter}
2022-07-12 21:30:27 [43mdestination[0m > 2022-07-12 21:30:27 [32mINFO[m i.a.i.d.b.u.AbstractBigQueryUploader(close):78 - Closing connector: AbstractBigQueryUploader{table=_airbyte_raw_managed_form_contributions_stream, tmpTable=_airbyte_tmp_pjj_managed_form_contributions_stream, syncMode=WRITE_TRUNCATE, writer=class io.airbyte.integrations.destination.bigquery.writer.BigQueryTableWriter, recordFormatter=class io.airbyte.integrations.destination.bigquery.formatter.DefaultBigQueryRecordFormatter}
2022-07-12 21:30:27 [43mdestination[0m > 2022-07-12 21:30:27 [32mINFO[m i.a.i.d.b.BigQueryUtils(waitForJobFinish):325 - Waiting for job finish Job{job=JobId{project=dev3869c056, job=958a55c7-6097-4052-9089-2fe567feb934, location=US}, status=JobStatus{state=RUNNING, error=null, executionErrors=null}, statistics=LoadStatistics{creationTime=1657661427329, endTime=null, startTime=1657661427527, numChildJobs=null, parentJobId=null, scriptStatistics=null, reservationUsage=null, inputBytes=null, inputFiles=null, outputBytes=null, outputRows=null, badRecords=null}, userEmail=airbyte@dev3869c056.iam.gserviceaccount.com, etag=jCdCitZJo8U+QK/CEiRzEg==, generatedId=dev3869c056:US.958a55c7-6097-4052-9089-2fe567feb934, selfLink=https://www.googleapis.com/bigquery/v2/projects/dev3869c056/jobs/958a55c7-6097-4052-9089-2fe567feb934?location=US, configuration=LoadJobConfiguration{type=LOAD, destinationTable=GenericData{classInfo=[datasetId, projectId, tableId], {datasetId=actblue_test, projectId=dev3869c056, tableId=_airbyte_tmp_pjj_managed_form_contributions_stream}}, decimalTargetTypes=null, destinationEncryptionConfiguration=null, createDisposition=CREATE_IF_NEEDED, writeDisposition=null, formatOptions=FormatOptions{format=NEWLINE_DELIMITED_JSON}, nullMarker=null, maxBadRecords=null, schema=Schema{fields=[Field{name=_airbyte_ab_id, type=STRING, mode=null, description=null, policyTags=null}, Field{name=_airbyte_emitted_at, type=TIMESTAMP, mode=null, description=null, policyTags=null}, Field{name=_airbyte_data, type=STRING, mode=null, description=null, policyTags=null}]}, ignoreUnknownValue=null, sourceUris=null, schemaUpdateOptions=null, autodetect=null, timePartitioning=null, clustering=null, useAvroLogicalTypes=null, labels=null, jobTimeoutMs=null, rangePartitioning=null, hivePartitioningOptions=null}}. Status: JobStatus{state=RUNNING, error=null, executionErrors=null}
2022-07-12 21:30:31 [43mdestination[0m > 2022-07-12 21:30:31 [32mINFO[m i.a.i.d.b.BigQueryUtils(waitForJobFinish):327 - Job finish Job{job=JobId{project=dev3869c056, job=958a55c7-6097-4052-9089-2fe567feb934, location=US}, status=JobStatus{state=RUNNING, error=null, executionErrors=null}, statistics=LoadStatistics{creationTime=1657661427329, endTime=null, startTime=1657661427527, numChildJobs=null, parentJobId=null, scriptStatistics=null, reservationUsage=null, inputBytes=null, inputFiles=null, outputBytes=null, outputRows=null, badRecords=null}, userEmail=airbyte@dev3869c056.iam.gserviceaccount.com, etag=jCdCitZJo8U+QK/CEiRzEg==, generatedId=dev3869c056:US.958a55c7-6097-4052-9089-2fe567feb934, selfLink=https://www.googleapis.com/bigquery/v2/projects/dev3869c056/jobs/958a55c7-6097-4052-9089-2fe567feb934?location=US, configuration=LoadJobConfiguration{type=LOAD, destinationTable=GenericData{classInfo=[datasetId, projectId, tableId], {datasetId=actblue_test, projectId=dev3869c056, tableId=_airbyte_tmp_pjj_managed_form_contributions_stream}}, decimalTargetTypes=null, destinationEncryptionConfiguration=null, createDisposition=CREATE_IF_NEEDED, writeDisposition=null, formatOptions=FormatOptions{format=NEWLINE_DELIMITED_JSON}, nullMarker=null, maxBadRecords=null, schema=Schema{fields=[Field{name=_airbyte_ab_id, type=STRING, mode=null, description=null, policyTags=null}, Field{name=_airbyte_emitted_at, type=TIMESTAMP, mode=null, description=null, policyTags=null}, Field{name=_airbyte_data, type=STRING, mode=null, description=null, policyTags=null}]}, ignoreUnknownValue=null, sourceUris=null, schemaUpdateOptions=null, autodetect=null, timePartitioning=null, clustering=null, useAvroLogicalTypes=null, labels=null, jobTimeoutMs=null, rangePartitioning=null, hivePartitioningOptions=null}} with status JobStatus{state=RUNNING, error=null, executionErrors=null}
2022-07-12 21:30:31 [43mdestination[0m > 2022-07-12 21:30:31 [32mINFO[m i.a.i.d.b.u.AbstractBigQueryUploader(uploadData):95 - Uploading data from the tmp table _airbyte_tmp_pjj_managed_form_contributions_stream to the source table _airbyte_raw_managed_form_contributions_stream.
2022-07-12 21:30:31 [43mdestination[0m > 2022-07-12 21:30:31 [32mINFO[m i.a.i.d.b.u.AbstractBigQueryUploader(uploadDataToTableFromTmpTable):120 - Replication finished with no explicit errors. Copying data from tmp tables to permanent
2022-07-12 21:30:35 [43mdestination[0m > 2022-07-12 21:30:35 [32mINFO[m i.a.i.d.b.u.AbstractBigQueryUploader(copyTable):185 - successfully copied table: GenericData{classInfo=[datasetId, projectId, tableId], {datasetId=actblue_test, tableId=_airbyte_tmp_pjj_managed_form_contributions_stream}} to table: GenericData{classInfo=[datasetId, projectId, tableId], {datasetId=actblue_test, tableId=_airbyte_raw_managed_form_contributions_stream}}
2022-07-12 21:30:35 [43mdestination[0m > 2022-07-12 21:30:35 [32mINFO[m i.a.i.d.b.u.AbstractBigQueryUploader(uploadData):97 - Data is successfully loaded to the source table _airbyte_raw_managed_form_contributions_stream!
2022-07-12 21:30:35 [32mINFO[m i.a.v.j.JsonSchemaValidator(test):71 - JSON schema validation failed. 
errors: $: null found, object expected
2022-07-12 21:30:35 [1;31mERROR[m i.a.w.i.DefaultAirbyteStreamFactory(lambda$create$1):70 - Validation failed: null
2022-07-12 21:30:35 [43mdestination[0m > 2022-07-12 21:30:35 [32mINFO[m i.a.i.d.b.u.AbstractBigQueryUploader(uploadData):99 - Final state message is accepted.
2022-07-12 21:30:35 [43mdestination[0m > 2022-07-12 21:30:35 [32mINFO[m i.a.i.d.b.u.AbstractBigQueryUploader(dropTmpTable):111 - Removing tmp tables...
2022-07-12 21:30:35 [43mdestination[0m > 2022-07-12 21:30:35 [32mINFO[m i.a.i.d.b.u.AbstractBigQueryUploader(dropTmpTable):113 - Finishing destination process...completed
2022-07-12 21:30:35 [43mdestination[0m > 2022-07-12 21:30:35 [32mINFO[m i.a.i.d.b.u.AbstractBigQueryUploader(close):85 - Closed connector: AbstractBigQueryUploader{table=_airbyte_raw_managed_form_contributions_stream, tmpTable=_airbyte_tmp_pjj_managed_form_contributions_stream, syncMode=WRITE_TRUNCATE, writer=class io.airbyte.integrations.destination.bigquery.writer.BigQueryTableWriter, recordFormatter=class io.airbyte.integrations.destination.bigquery.formatter.DefaultBigQueryRecordFormatter}
2022-07-12 21:30:35 [43mdestination[0m > 2022-07-12 21:30:35 [32mINFO[m i.a.i.b.IntegrationRunner(runInternal):171 - Completed integration: io.airbyte.integrations.destination.bigquery.BigQueryDestination
2022-07-12 21:30:35 [32mINFO[m i.a.w.g.DefaultReplicationWorker(run):176 - Source and destination threads complete.
2022-07-12 21:30:35 [32mINFO[m i.a.w.g.DefaultReplicationWorker(run):239 - sync summary: io.airbyte.config.ReplicationAttemptSummary@60f95f4d[status=completed,recordsSynced=10510,bytesSynced=24446531,startTime=1657661280800,endTime=1657661435689,totalStats=io.airbyte.config.SyncStats@6b720c04[recordsEmitted=10510,bytesEmitted=24446531,stateMessagesEmitted=0,recordsCommitted=10510],streamStats=[io.airbyte.config.StreamSyncStats@7df69e99[streamName=refunded_contributions_stream,stats=io.airbyte.config.SyncStats@4cefc34a[recordsEmitted=5,bytesEmitted=11629,stateMessagesEmitted=<null>,recordsCommitted=5]], io.airbyte.config.StreamSyncStats@6646fead[streamName=managed_form_contributions_stream,stats=io.airbyte.config.SyncStats@1dafdc4d[recordsEmitted=5442,bytesEmitted=12668419,stateMessagesEmitted=<null>,recordsCommitted=5442]], io.airbyte.config.StreamSyncStats@54648b37[streamName=paid_contributions_stream,stats=io.airbyte.config.SyncStats@66a3f762[recordsEmitted=5063,bytesEmitted=11766483,stateMessagesEmitted=<null>,recordsCommitted=5063]]]]
2022-07-12 21:30:35 [32mINFO[m i.a.w.g.DefaultReplicationWorker(run):268 - Source did not output any state messages
2022-07-12 21:30:35 [33mWARN[m i.a.w.g.DefaultReplicationWorker(run):279 - State capture: No state retained.
2022-07-12 21:30:35 [32mINFO[m i.a.w.t.TemporalAttemptExecution(get):134 - Stopping cancellation check scheduling...
2022-07-12 21:30:35 [32mINFO[m i.a.w.t.s.ReplicationActivityImpl(lambda$replicate$3):161 - sync summary: io.airbyte.config.StandardSyncOutput@6ad9f41b[standardSyncSummary=io.airbyte.config.StandardSyncSummary@5600142[status=completed,recordsSynced=10510,bytesSynced=24446531,startTime=1657661280800,endTime=1657661435689,totalStats=io.airbyte.config.SyncStats@6b720c04[recordsEmitted=10510,bytesEmitted=24446531,stateMessagesEmitted=0,recordsCommitted=10510],streamStats=[io.airbyte.config.StreamSyncStats@7df69e99[streamName=refunded_contributions_stream,stats=io.airbyte.config.SyncStats@4cefc34a[recordsEmitted=5,bytesEmitted=11629,stateMessagesEmitted=<null>,recordsCommitted=5]], io.airbyte.config.StreamSyncStats@6646fead[streamName=managed_form_contributions_stream,stats=io.airbyte.config.SyncStats@1dafdc4d[recordsEmitted=5442,bytesEmitted=12668419,stateMessagesEmitted=<null>,recordsCommitted=5442]], io.airbyte.config.StreamSyncStats@54648b37[streamName=paid_contributions_stream,stats=io.airbyte.config.SyncStats@66a3f762[recordsEmitted=5063,bytesEmitted=11766483,stateMessagesEmitted=<null>,recordsCommitted=5063]]]],normalizationSummary=<null>,state=<null>,outputCatalog=io.airbyte.protocol.models.ConfiguredAirbyteCatalog@12cdff7a[streams=[io.airbyte.protocol.models.ConfiguredAirbyteStream@54b1abc8[stream=io.airbyte.protocol.models.AirbyteStream@71edf469[name=managed_form_contributions_stream,jsonSchema={"type":"object","$schema":"http://json-schema.org/draft-07/schema#","properties":{"Fee":{"type":["null","number"]},"Date":{"type":["null","string"]},"Amount":{"type":["null","number"]},"Mobile":{"type":["null","string"]},"Approved":{"type":["null","string"]},"Comments":{"type":["null","string"]},"Donor ID":{"type":["null","string"]},"Apple Pay":{"type":["null","string"]},"Donor ZIP":{"type":["null","string"]},"Recipient":{"type":["null","string"]},"Refund ID":{"type":["null","integer"]},"Check Date":{"type":["null","string"]},"Donor City":{"type":["null","string"]},"Partner ID":{"type":["null","string"]},"Payment ID":{"type":["null","integer"]},"Receipt ID":{"type":["null","string"]},"Donor Addr1":{"type":["null","string"]},"Donor Addr2":{"type":["null","string"]},"Donor Email":{"type":["null","string"]},"Donor Phone":{"type":["null","string"]},"Donor State":{"type":["null","string"]},"Double Down":{"type":["null","string"]},"Lineitem ID":{"type":["null","integer"]},"Merchant ID":{"type":["null","number"]},"Recovery ID":{"type":["null","integer"]},"Refund Date":{"type":["null","string"]},"AB Test Name":{"type":["null","string"]},"AB Variation":{"type":["null","string"]},"Check Number":{"type":["null","integer"]},"Employer ZIP":{"type":["null","string"]},"Payment Date":{"type":["null","string"]},"Recipient ID":{"type":["null","integer"]},"Recur Weekly":{"type":["null","string"]},"Shipping Zip":{"type":["null","string"]},"Donor Country":{"type":["null","string"]},"Employer City":{"type":["null","string"]},"Fundraiser ID":{"type":["null","string"]},"Gift Declined":{"type":["null","string"]},"Recovery Date":{"type":["null","string"]},"Shipping City":{"type":["null","string"]},"Donor Employer":{"type":["null","string"]},"Employer Addr1":{"type":["null","string"]},"Employer Addr2":{"type":["null","string"]},"Employer State":{"type":["null","string"]},"Reference Code":{"type":["null","string"]},"Shipping Addr1":{"type":["null","string"]},"Shipping State":{"type":["null","string"]},"Disbursement ID":{"type":["null","integer"]},"Donor Last Name":{"type":["null","string"]},"Gift Identifier":{"type":["null","string"]},"Smart Recurring":{"type":["null","string"]},"Donor First Name":{"type":["null","string"]},"Donor Occupation":{"type":["null","string"]},"Employer Country":{"type":["null","string"]},"Fundraising Page":{"type":["null","string"]},"Reference Code 2":{"type":["null","string"]},"Shipping Country":{"type":["null","string"]},"Disbursement Date":{"type":["null","string"]},"Recurrence Number":{"type":["null","integer"]},"Smart Boost Shown":{"type":["null","string"]},"New Express Signup":{"type":["null","string"]},"Recipient Election":{"type":["null","string"]},"Smart Boost Amount":{"type":["null","string"]},"Fundraising Partner":{"type":["null","string"]},"Recipient Committee":{"type":["null","string"]},"Text Message Opt In":{"type":["null","string"]},"ActBlue Express Lane":{"type":["null","string"]},"Custom Field 1 Label":{"type":["null","string"]},"Custom Field 1 Value":{"type":["null","string"]},"ActBlue Express Donor":{"type":["null","string"]},"Partner Contact Email":{"type":["null","string"]},"Recurring Total Months":{"type":["null","string"]},"Recurring Upsell Shown":{"type":["null","string"]},"Fundraiser Recipient ID":{"type":["null","string"]},"Weekly Recurring Amount":{"type":["null","number"]},"Fundraiser Contact Email":{"type":["null","string"]},"Monthly Recurring Amount":{"type":["null","number"]},"Partner Contact Last Name":{"type":["null","string"]},"Partner Contact First Name":{"type":["null","string"]},"Recurring Upsell Succeeded":{"type":["null","string"]},"Fundraiser Contact Last Name":{"type":["null","string"]},"Fundraiser Contact First Name":{"type":["null","string"]},"Card Replaced by Account Updater":{"type":["null","string"]}}},supportedSyncModes=[full_refresh],sourceDefinedCursor=<null>,defaultCursorField=[],sourceDefinedPrimaryKey=[[lineitem_id]],namespace=<null>,additionalProperties={}],syncMode=full_refresh,cursorField=[],destinationSyncMode=overwrite,primaryKey=[[lineitem_id]],additionalProperties={}], io.airbyte.protocol.models.ConfiguredAirbyteStream@74828107[stream=io.airbyte.protocol.models.AirbyteStream@9c996c2[name=paid_contributions_stream,jsonSchema={"type":"object","$schema":"http://json-schema.org/draft-07/schema#","properties":{"Fee":{"type":["null","number"]},"Date":{"type":["null","string"]},"Amount":{"type":["null","number"]},"Mobile":{"type":["null","string"]},"Approved":{"type":["null","string"]},"Comments":{"type":["null","string"]},"Donor ID":{"type":["null","string"]},"Apple Pay":{"type":["null","string"]},"Donor ZIP":{"type":["null","string"]},"Recipient":{"type":["null","string"]},"Refund ID":{"type":["null","integer"]},"Check Date":{"type":["null","string"]},"Donor City":{"type":["null","string"]},"Partner ID":{"type":["null","string"]},"Payment ID":{"type":["null","integer"]},"Receipt ID":{"type":["null","string"]},"Donor Addr1":{"type":["null","string"]},"Donor Addr2":{"type":["null","string"]},"Donor Email":{"type":["null","string"]},"Donor Phone":{"type":["null","string"]},"Donor State":{"type":["null","string"]},"Double Down":{"type":["null","string"]},"Lineitem ID":{"type":["null","integer"]},"Merchant ID":{"type":["null","number"]},"Recovery ID":{"type":["null","integer"]},"Refund Date":{"type":["null","string"]},"AB Test Name":{"type":["null","string"]},"AB Variation":{"type":["null","string"]},"Check Number":{"type":["null","integer"]},"Employer ZIP":{"type":["null","string"]},"Payment Date":{"type":["null","string"]},"Recipient ID":{"type":["null","integer"]},"Recur Weekly":{"type":["null","string"]},"Shipping Zip":{"type":["null","string"]},"Donor Country":{"type":["null","string"]},"Employer City":{"type":["null","string"]},"Fundraiser ID":{"type":["null","string"]},"Gift Declined":{"type":["null","string"]},"Recovery Date":{"type":["null","string"]},"Shipping City":{"type":["null","string"]},"Donor Employer":{"type":["null","string"]},"Employer Addr1":{"type":["null","string"]},"Employer Addr2":{"type":["null","string"]},"Employer State":{"type":["null","string"]},"Reference Code":{"type":["null","string"]},"Shipping Addr1":{"type":["null","string"]},"Shipping State":{"type":["null","string"]},"Disbursement ID":{"type":["null","integer"]},"Donor Last Name":{"type":["null","string"]},"Gift Identifier":{"type":["null","string"]},"Smart Recurring":{"type":["null","string"]},"Donor First Name":{"type":["null","string"]},"Donor Occupation":{"type":["null","string"]},"Employer Country":{"type":["null","string"]},"Fundraising Page":{"type":["null","string"]},"Reference Code 2":{"type":["null","string"]},"Shipping Country":{"type":["null","string"]},"Disbursement Date":{"type":["null","string"]},"Recurrence Number":{"type":["null","integer"]},"Smart Boost Shown":{"type":["null","string"]},"New Express Signup":{"type":["null","string"]},"Recipient Election":{"type":["null","string"]},"Smart Boost Amount":{"type":["null","string"]},"Fundraising Partner":{"type":["null","string"]},"Recipient Committee":{"type":["null","string"]},"Text Message Opt In":{"type":["null","string"]},"ActBlue Express Lane":{"type":["null","string"]},"Custom Field 1 Label":{"type":["null","string"]},"Custom Field 1 Value":{"type":["null","string"]},"ActBlue Express Donor":{"type":["null","string"]},"Partner Contact Email":{"type":["null","string"]},"Recurring Total Months":{"type":["null","string"]},"Recurring Upsell Shown":{"type":["null","string"]},"Fundraiser Recipient ID":{"type":["null","string"]},"Weekly Recurring Amount":{"type":["null","number"]},"Fundraiser Contact Email":{"type":["null","string"]},"Monthly Recurring Amount":{"type":["null","number"]},"Partner Contact Last Name":{"type":["null","string"]},"Partner Contact First Name":{"type":["null","string"]},"Recurring Upsell Succeeded":{"type":["null","string"]},"Fundraiser Contact Last Name":{"type":["null","string"]},"Fundraiser Contact First Name":{"type":["null","string"]},"Card Replaced by Account Updater":{"type":["null","string"]}}},supportedSyncModes=[full_refresh],sourceDefinedCursor=<null>,defaultCursorField=[],sourceDefinedPrimaryKey=[[lineitem_id]],namespace=<null>,additionalProperties={}],syncMode=full_refresh,cursorField=[],destinationSyncMode=overwrite,primaryKey=[[lineitem_id]],additionalProperties={}], io.airbyte.protocol.models.ConfiguredAirbyteStream@50ff93d8[stream=io.airbyte.protocol.models.AirbyteStream@4eaf7b12[name=refunded_contributions_stream,jsonSchema={"type":"object","$schema":"http://json-schema.org/draft-07/schema#","properties":{"Fee":{"type":["null","number"]},"Date":{"type":["null","string"]},"Amount":{"type":["null","number"]},"Mobile":{"type":["null","string"]},"Approved":{"type":["null","string"]},"Comments":{"type":["null","string"]},"Donor ID":{"type":["null","string"]},"Apple Pay":{"type":["null","string"]},"Donor ZIP":{"type":["null","string"]},"Recipient":{"type":["null","string"]},"Refund ID":{"type":["null","integer"]},"Check Date":{"type":["null","string"]},"Donor City":{"type":["null","string"]},"Partner ID":{"type":["null","string"]},"Payment ID":{"type":["null","integer"]},"Receipt ID":{"type":["null","string"]},"Donor Addr1":{"type":["null","string"]},"Donor Addr2":{"type":["null","string"]},"Donor Email":{"type":["null","string"]},"Donor Phone":{"type":["null","string"]},"Donor State":{"type":["null","string"]},"Double Down":{"type":["null","string"]},"Lineitem ID":{"type":["null","integer"]},"Merchant ID":{"type":["null","number"]},"Recovery ID":{"type":["null","integer"]},"Refund Date":{"type":["null","string"]},"AB Test Name":{"type":["null","string"]},"AB Variation":{"type":["null","string"]},"Check Number":{"type":["null","integer"]},"Employer ZIP":{"type":["null","string"]},"Payment Date":{"type":["null","string"]},"Recipient ID":{"type":["null","integer"]},"Recur Weekly":{"type":["null","string"]},"Shipping Zip":{"type":["null","string"]},"Donor Country":{"type":["null","string"]},"Employer City":{"type":["null","string"]},"Fundraiser ID":{"type":["null","string"]},"Gift Declined":{"type":["null","string"]},"Recovery Date":{"type":["null","string"]},"Shipping City":{"type":["null","string"]},"Donor Employer":{"type":["null","string"]},"Employer Addr1":{"type":["null","string"]},"Employer Addr2":{"type":["null","string"]},"Employer State":{"type":["null","string"]},"Reference Code":{"type":["null","string"]},"Shipping Addr1":{"type":["null","string"]},"Shipping State":{"type":["null","string"]},"Disbursement ID":{"type":["null","integer"]},"Donor Last Name":{"type":["null","string"]},"Gift Identifier":{"type":["null","string"]},"Smart Recurring":{"type":["null","string"]},"Donor First Name":{"type":["null","string"]},"Donor Occupation":{"type":["null","string"]},"Employer Country":{"type":["null","string"]},"Fundraising Page":{"type":["null","string"]},"Reference Code 2":{"type":["null","string"]},"Shipping Country":{"type":["null","string"]},"Disbursement Date":{"type":["null","string"]},"Recurrence Number":{"type":["null","integer"]},"Smart Boost Shown":{"type":["null","string"]},"New Express Signup":{"type":["null","string"]},"Recipient Election":{"type":["null","string"]},"Smart Boost Amount":{"type":["null","string"]},"Fundraising Partner":{"type":["null","string"]},"Recipient Committee":{"type":["null","string"]},"Text Message Opt In":{"type":["null","string"]},"ActBlue Express Lane":{"type":["null","string"]},"Custom Field 1 Label":{"type":["null","string"]},"Custom Field 1 Value":{"type":["null","string"]},"ActBlue Express Donor":{"type":["null","string"]},"Partner Contact Email":{"type":["null","string"]},"Recurring Total Months":{"type":["null","string"]},"Recurring Upsell Shown":{"type":["null","string"]},"Fundraiser Recipient ID":{"type":["null","string"]},"Weekly Recurring Amount":{"type":["null","number"]},"Fundraiser Contact Email":{"type":["null","string"]},"Monthly Recurring Amount":{"type":["null","number"]},"Partner Contact Last Name":{"type":["null","string"]},"Partner Contact First Name":{"type":["null","string"]},"Recurring Upsell Succeeded":{"type":["null","string"]},"Fundraiser Contact Last Name":{"type":["null","string"]},"Fundraiser Contact First Name":{"type":["null","string"]},"Card Replaced by Account Updater":{"type":["null","string"]}}},supportedSyncModes=[full_refresh],sourceDefinedCursor=<null>,defaultCursorField=[],sourceDefinedPrimaryKey=[[lineitem_id]],namespace=<null>,additionalProperties={}],syncMode=full_refresh,cursorField=[],destinationSyncMode=overwrite,primaryKey=[[lineitem_id]],additionalProperties={}]],additionalProperties={}],failures=[]]
2022-07-12 21:30:35 [32mINFO[m i.a.w.t.TemporalUtils(withBackgroundHeartbeat):291 - Stopping temporal heartbeating...
2022-07-12 21:30:35 [32mINFO[m i.a.w.t.TemporalAttemptExecution(get):108 - Docker volume job log path: /tmp/workspace/696/0/logs.log
2022-07-12 21:30:35 [32mINFO[m i.a.w.t.TemporalAttemptExecution(get):113 - Executing worker wrapper. Airbyte version: 0.39.35-alpha
2022-07-12 21:30:35 [32mINFO[m i.a.w.g.DefaultNormalizationWorker(run):49 - Running normalization.
2022-07-12 21:30:35 [32mINFO[m i.a.w.n.DefaultNormalizationRunner(runProcess):122 - Running with normalization version: airbyte/normalization:0.2.6
2022-07-12 21:30:35 [32mINFO[m i.a.c.i.LineGobbler(voidCall):82 - Checking if airbyte/normalization:0.2.6 exists...
2022-07-12 21:30:35 [32mINFO[m i.a.c.i.LineGobbler(voidCall):82 - airbyte/normalization:0.2.6 was found locally.
2022-07-12 21:30:35 [32mINFO[m i.a.w.p.DockerProcessFactory(create):108 - Creating docker job ID: 696
2022-07-12 21:30:35 [32mINFO[m i.a.w.p.DockerProcessFactory(create):163 - Preparing command: docker run --rm --init -i -w /data/696/0/normalize --log-driver none --name normalization-normalize-696-0-jugoh --network host -v airbyte_workspace:/data -v /tmp/airbyte_local:/local -e DEPLOYMENT_MODE=OSS -e AIRBYTE_ROLE= -e WORKER_ENVIRONMENT=DOCKER -e AIRBYTE_VERSION=0.39.35-alpha airbyte/normalization:0.2.6 run --integration-type bigquery --config destination_config.json --catalog destination_catalog.json
2022-07-12 21:30:36 [42mnormalization[0m > Running: transform-config --config destination_config.json --integration-type bigquery --out /data/696/0/normalize
2022-07-12 21:30:36 [42mnormalization[0m > Namespace(config='destination_config.json', integration_type=<DestinationType.BIGQUERY: 'bigquery'>, out='/data/696/0/normalize')
2022-07-12 21:30:36 [42mnormalization[0m > transform_bigquery
2022-07-12 21:30:37 [42mnormalization[0m > Running: transform-catalog --integration-type bigquery --profile-config-dir /data/696/0/normalize --catalog destination_catalog.json --out /data/696/0/normalize/models/generated/ --json-column _airbyte_data
2022-07-12 21:30:37 [42mnormalization[0m > Processing destination_catalog.json...
2022-07-12 21:30:37 [42mnormalization[0m >   Generating airbyte_ctes/actblue_test/managed_form_contributions_stream_ab1.sql from managed_form_contributions_stream
2022-07-12 21:30:37 [42mnormalization[0m >   Generating airbyte_ctes/actblue_test/managed_form_contributions_stream_ab2.sql from managed_form_contributions_stream
2022-07-12 21:30:37 [42mnormalization[0m >   Generating airbyte_ctes/actblue_test/managed_form_contributions_stream_ab3.sql from managed_form_contributions_stream
2022-07-12 21:30:37 [42mnormalization[0m >   Generating airbyte_tables/actblue_test/managed_form_contributions_stream.sql from managed_form_contributions_stream
2022-07-12 21:30:37 [42mnormalization[0m >   Generating airbyte_ctes/actblue_test/paid_contributions_stream_ab1.sql from paid_contributions_stream
2022-07-12 21:30:37 [42mnormalization[0m >   Generating airbyte_ctes/actblue_test/paid_contributions_stream_ab2.sql from paid_contributions_stream
2022-07-12 21:30:37 [42mnormalization[0m >   Generating airbyte_ctes/actblue_test/paid_contributions_stream_ab3.sql from paid_contributions_stream
2022-07-12 21:30:37 [42mnormalization[0m >   Generating airbyte_tables/actblue_test/paid_contributions_stream.sql from paid_contributions_stream
2022-07-12 21:30:37 [42mnormalization[0m >   Generating airbyte_ctes/actblue_test/refunded_contributions_stream_ab1.sql from refunded_contributions_stream
2022-07-12 21:30:37 [42mnormalization[0m >   Generating airbyte_ctes/actblue_test/refunded_contributions_stream_ab2.sql from refunded_contributions_stream
2022-07-12 21:30:37 [42mnormalization[0m >   Generating airbyte_ctes/actblue_test/refunded_contributions_stream_ab3.sql from refunded_contributions_stream
2022-07-12 21:30:37 [42mnormalization[0m >   Generating airbyte_tables/actblue_test/refunded_contributions_stream.sql from refunded_contributions_stream
2022-07-12 21:30:37 [42mnormalization[0m > detected no config file for ssh, assuming ssh is off.
2022-07-12 21:30:41 [42mnormalization[0m >            [--event-buffer-size EVENT_BUFFER_SIZE]
2022-07-12 21:30:41 [42mnormalization[0m >   --event-buffer-size EVENT_BUFFER_SIZE
2022-07-12 21:30:41 [42mnormalization[0m > 
2022-07-12 21:30:41 [42mnormalization[0m > DBT >=1.0.0 detected; using 10K event buffer size
2022-07-12 21:30:41 [42mnormalization[0m > 
2022-07-12 21:30:45 [42mnormalization[0m > 21:30:45  Running with dbt=1.0.0
2022-07-12 21:30:45 [42mnormalization[0m > 21:30:45  Partial parse save file not found. Starting full parse.
2022-07-12 21:30:48 [42mnormalization[0m > 21:30:48  [WARNING]: Configuration paths exist in your dbt_project.yml file which do not apply to any resources.
2022-07-12 21:30:48 [42mnormalization[0m > There are 2 unused configuration paths:
2022-07-12 21:30:48 [42mnormalization[0m > - models.airbyte_utils.generated.airbyte_incremental
2022-07-12 21:30:48 [42mnormalization[0m > - models.airbyte_utils.generated.airbyte_views
2022-07-12 21:30:48 [42mnormalization[0m > 
2022-07-12 21:30:48 [42mnormalization[0m > 21:30:48  Found 12 models, 0 tests, 0 snapshots, 0 analyses, 549 macros, 0 operations, 0 seed files, 3 sources, 0 exposures, 0 metrics
2022-07-12 21:30:48 [42mnormalization[0m > 21:30:48  
2022-07-12 21:30:48 [42mnormalization[0m > 21:30:48  Concurrency: 8 threads (target='prod')
2022-07-12 21:30:48 [42mnormalization[0m > 21:30:48  
2022-07-12 21:30:51 [42mnormalization[0m > 21:30:51  1 of 3 START table model actblue_test.paid_contributions_stream......................................................... [RUN]
2022-07-12 21:30:51 [42mnormalization[0m > 21:30:51  2 of 3 START table model actblue_test.managed_form_contributions_stream................................................. [RUN]
2022-07-12 21:30:51 [42mnormalization[0m > 21:30:51  3 of 3 START table model actblue_test.refunded_contributions_stream..................................................... [RUN]
2022-07-12 21:30:54 [42mnormalization[0m > 21:30:54  3 of 3 OK created table model actblue_test.refunded_contributions_stream................................................ [CREATE TABLE (5.0 rows, 11.6 KB processed) in 3.02s]
2022-07-12 21:31:00 [42mnormalization[0m > 21:31:00  1 of 3 OK created table model actblue_test.paid_contributions_stream.................................................... [CREATE TABLE (5.1k rows, 11.5 MB processed) in 9.44s]
2022-07-12 21:31:00 [42mnormalization[0m > 21:31:00  2 of 3 OK created table model actblue_test.managed_form_contributions_stream............................................ [CREATE TABLE (5.4k rows, 12.3 MB processed) in 9.43s]
2022-07-12 21:31:00 [42mnormalization[0m > 21:31:00  
2022-07-12 21:31:00 [42mnormalization[0m > 21:31:00  Finished running 3 table models in 11.92s.
2022-07-12 21:31:00 [42mnormalization[0m > 21:31:00  
2022-07-12 21:31:00 [42mnormalization[0m > 21:31:00  Completed successfully
2022-07-12 21:31:00 [42mnormalization[0m > 21:31:00  
2022-07-12 21:31:00 [42mnormalization[0m > 21:31:00  Done. PASS=3 WARN=0 ERROR=0 SKIP=0 TOTAL=3
2022-07-12 21:31:01 [32mINFO[m i.a.w.g.DefaultNormalizationWorker(run):73 - Normalization executed in 25 seconds.
2022-07-12 21:31:01 [32mINFO[m i.a.w.g.DefaultNormalizationWorker(run):79 - Normalization summary: io.airbyte.config.NormalizationSummary@f6a6c82[startTime=1657661435833,endTime=1657661461000]
2022-07-12 21:31:01 [32mINFO[m i.a.w.t.TemporalAttemptExecution(get):134 - Stopping cancellation check scheduling...
2022-07-12 21:31:01 [32mINFO[m i.a.w.t.TemporalUtils(withBackgroundHeartbeat):291 - Stopping temporal heartbeating...
